[2021-11-10 17:22:44,908] INFO: --------------------------------------------------
[2021-11-10 17:22:44,920] INFO: Checking status of job crab_BulkGraviton_hh_GF_HH_14TeV_TuneCP5_pythia8
[2021-11-10 17:22:50,235] INFO: ====== Summary (crab_projects_ak8scouting) ======
crab_BulkGraviton_hh_GF_HH_14TeV_TuneCP5_pythia8: FAILED (KILLED) ([1;31m0.0%[0m)
    {'failed': 297}
[2021-11-10 17:22:50,235] INFO: 0/1 jobs completed!
[2021-11-10 17:22:50,325] INFO: Checking status of job crab_QCD_Pt15to7000_TuneCP5_14TeV-pythia8-v2
[2021-11-10 17:22:54,874] INFO: Resubmitting job crab_QCD_Pt15to7000_TuneCP5_14TeV-pythia8-v2 with options {'maxmemory': '3500'}
[2021-11-10 17:23:05,126] INFO: ====== Summary (crab_projects_ak8scouting_QCD_Pt15to7000) ======
crab_QCD_Pt15to7000_TuneCP5_14TeV-pythia8-v2: SUBMITTED ([1;31m0.4%[0m)
    {'failed': 5, 'running': 509, 'transferring': 2, 'finished': 2, 'idle': 1}
[2021-11-10 17:23:05,126] INFO: 0/1 jobs completed!
[2021-11-10 17:23:05,268] INFO: Checking status of job crab_QCD_Pt300to7000_TuneCP5_14TeV-pythia8
[2021-11-10 17:23:10,009] INFO: ====== Summary (crab_projects_ak8scouting_QCD_Pt300to7000) ======
crab_QCD_Pt300to7000_TuneCP5_14TeV-pythia8: SUBMITTED ([1;32m97.1%[0m)
    {'finished': 333, 'running': 10}
[2021-11-10 17:23:10,010] INFO: 0/1 jobs completed!
[2021-11-10 17:23:10,063] INFO: Checking status of job crab_BulkGraviton_hh_GF_HH_14TeV_TuneCP5_pythia8
[2021-11-10 17:23:14,706] INFO: ====== Summary (crab_projects_ak8scouting_fullEvents) ======
crab_BulkGraviton_hh_GF_HH_14TeV_TuneCP5_pythia8: SUBMITTED ([1;32m95.1%[0m)
    {'finished': 565, 'running': 29}
[2021-11-10 17:23:14,706] INFO: 0/1 jobs completed!
[2021-11-11 15:50:54,360] INFO: --------------------------------------------------
[2021-11-11 15:50:54,647] INFO: Checking status of job crab_BulkGraviton_hh_GF_HH_14TeV_TuneCP5_pythia8
[2021-11-11 15:51:06,424] INFO: ====== Summary (crab_projects_ak8scouting) ======
crab_BulkGraviton_hh_GF_HH_14TeV_TuneCP5_pythia8: FAILED (KILLED) ([1;31m0.0%[0m)
    {'failed': 297}
[2021-11-11 15:51:06,428] INFO: 0/1 jobs completed!
[2021-11-11 15:51:06,672] INFO: Checking status of job crab_QCD_Pt15to7000_TuneCP5_14TeV-pythia8-v2
[2021-11-11 15:51:12,996] INFO: Resubmitting job crab_QCD_Pt15to7000_TuneCP5_14TeV-pythia8-v2 with options {'maxmemory': '3500'}
[2021-11-11 15:51:24,145] INFO: ====== Summary (crab_projects_ak8scouting_QCD_Pt15to7000) ======
crab_QCD_Pt15to7000_TuneCP5_14TeV-pythia8-v2: SUBMITTED ([1;32m98.7%[0m)
    {'failed': 3, 'finished': 512, 'running': 4}
[2021-11-11 15:51:24,145] INFO: 0/1 jobs completed!
[2021-11-11 15:51:24,398] INFO: Checking status of job crab_QCD_Pt300to7000_TuneCP5_14TeV-pythia8
[2021-11-11 15:51:29,246] INFO: Resubmitting job crab_QCD_Pt300to7000_TuneCP5_14TeV-pythia8 with options {'maxmemory': '3500'}
[2021-11-11 15:51:38,199] INFO: ====== Summary (crab_projects_ak8scouting_QCD_Pt300to7000) ======
crab_QCD_Pt300to7000_TuneCP5_14TeV-pythia8: FAILED ([1;32m98.3%[0m)
    {'failed': 6, 'finished': 337}
[2021-11-11 15:51:38,199] INFO: 0/1 jobs completed!
[2021-11-11 15:51:38,340] INFO: Checking status of job crab_BulkGraviton_hh_GF_HH_14TeV_TuneCP5_pythia8
[2021-11-11 15:51:43,452] INFO: Resubmitting job crab_BulkGraviton_hh_GF_HH_14TeV_TuneCP5_pythia8 with options {'maxmemory': '3500'}
[2021-11-11 15:51:52,074] INFO: ====== Summary (crab_projects_ak8scouting_fullEvents) ======
crab_BulkGraviton_hh_GF_HH_14TeV_TuneCP5_pythia8: FAILED ([1;32m95.3%[0m)
    {'failed': 28, 'finished': 566}
[2021-11-11 15:51:52,074] INFO: 0/1 jobs completed!
